(node:3781133) [DEP0040] DeprecationWarning: The `punycode` module is deprecated. Please use a userland alternative instead.
(Use `node --trace-deprecation ...` to show where the warning was created)
TypeError: e.once is not a function
    at T._uploadFromStream (/home/uumparcelcentre.com.my/firdausfauzi/build/server/app/api/upload/route.js:1:6923)
    at T._uploadWithCommand (/home/uumparcelcentre.com.my/firdausfauzi/build/server/app/api/upload/route.js:1:6610)
    at T.uploadFrom (/home/uumparcelcentre.com.my/firdausfauzi/build/server/app/api/upload/route.js:1:6410)
    at d (/home/uumparcelcentre.com.my/firdausfauzi/build/server/app/api/upload/route.js:1:1213)
    at process.processTicksAndRejections (node:internal/process/task_queues:95:5)
    at async /home/uumparcelcentre.com.my/firdausfauzi/node_modules/next/dist/compiled/next-server/app-route.runtime.prod.js:6:36258
    at async eR.execute (/home/uumparcelcentre.com.my/firdausfauzi/node_modules/next/dist/compiled/next-server/app-route.runtime.prod.js:6:26874)
    at async eR.handle (/home/uumparcelcentre.com.my/firdausfauzi/node_modules/next/dist/compiled/next-server/app-route.runtime.prod.js:6:37512)
    at async doRender (/home/uumparcelcentre.com.my/firdausfauzi/node_modules/next/dist/server/base-server.js:1377:42)
    at async cacheEntry.responseCache.get.routeKind (/home/uumparcelcentre.com.my/firdausfauzi/node_modules/next/dist/server/base-server.js:1599:28)
TypeError: e.once is not a function
    at T._uploadFromStream (/home/uumparcelcentre.com.my/firdausfauzi/build/server/app/api/upload/route.js:1:6923)
    at T._uploadWithCommand (/home/uumparcelcentre.com.my/firdausfauzi/build/server/app/api/upload/route.js:1:6610)
    at T.uploadFrom (/home/uumparcelcentre.com.my/firdausfauzi/build/server/app/api/upload/route.js:1:6410)
    at d (/home/uumparcelcentre.com.my/firdausfauzi/build/server/app/api/upload/route.js:1:1213)
    at process.processTicksAndRejections (node:internal/process/task_queues:95:5)
    at async /home/uumparcelcentre.com.my/firdausfauzi/node_modules/next/dist/compiled/next-server/app-route.runtime.prod.js:6:36258
    at async eR.execute (/home/uumparcelcentre.com.my/firdausfauzi/node_modules/next/dist/compiled/next-server/app-route.runtime.prod.js:6:26874)
    at async eR.handle (/home/uumparcelcentre.com.my/firdausfauzi/node_modules/next/dist/compiled/next-server/app-route.runtime.prod.js:6:37512)
    at async doRender (/home/uumparcelcentre.com.my/firdausfauzi/node_modules/next/dist/server/base-server.js:1377:42)
    at async cacheEntry.responseCache.get.routeKind (/home/uumparcelcentre.com.my/firdausfauzi/node_modules/next/dist/server/base-server.js:1599:28)
TypeError: e.once is not a function
    at T._uploadFromStream (/home/uumparcelcentre.com.my/firdausfauzi/build/server/app/api/upload/route.js:1:6923)
    at T._uploadWithCommand (/home/uumparcelcentre.com.my/firdausfauzi/build/server/app/api/upload/route.js:1:6610)
    at T.uploadFrom (/home/uumparcelcentre.com.my/firdausfauzi/build/server/app/api/upload/route.js:1:6410)
    at d (/home/uumparcelcentre.com.my/firdausfauzi/build/server/app/api/upload/route.js:1:1213)
    at process.processTicksAndRejections (node:internal/process/task_queues:95:5)
    at async /home/uumparcelcentre.com.my/firdausfauzi/node_modules/next/dist/compiled/next-server/app-route.runtime.prod.js:6:36258
    at async eR.execute (/home/uumparcelcentre.com.my/firdausfauzi/node_modules/next/dist/compiled/next-server/app-route.runtime.prod.js:6:26874)
    at async eR.handle (/home/uumparcelcentre.com.my/firdausfauzi/node_modules/next/dist/compiled/next-server/app-route.runtime.prod.js:6:37512)
    at async doRender (/home/uumparcelcentre.com.my/firdausfauzi/node_modules/next/dist/server/base-server.js:1377:42)
    at async cacheEntry.responseCache.get.routeKind (/home/uumparcelcentre.com.my/firdausfauzi/node_modules/next/dist/server/base-server.js:1599:28)
TypeError: e.once is not a function
    at T._uploadFromStream (/home/uumparcelcentre.com.my/firdausfauzi/build/server/app/api/upload/route.js:1:6923)
    at T._uploadWithCommand (/home/uumparcelcentre.com.my/firdausfauzi/build/server/app/api/upload/route.js:1:6610)
    at T.uploadFrom (/home/uumparcelcentre.com.my/firdausfauzi/build/server/app/api/upload/route.js:1:6410)
    at d (/home/uumparcelcentre.com.my/firdausfauzi/build/server/app/api/upload/route.js:1:1213)
    at process.processTicksAndRejections (node:internal/process/task_queues:95:5)
    at async /home/uumparcelcentre.com.my/firdausfauzi/node_modules/next/dist/compiled/next-server/app-route.runtime.prod.js:6:36258
    at async eR.execute (/home/uumparcelcentre.com.my/firdausfauzi/node_modules/next/dist/compiled/next-server/app-route.runtime.prod.js:6:26874)
    at async eR.handle (/home/uumparcelcentre.com.my/firdausfauzi/node_modules/next/dist/compiled/next-server/app-route.runtime.prod.js:6:37512)
    at async doRender (/home/uumparcelcentre.com.my/firdausfauzi/node_modules/next/dist/server/base-server.js:1377:42)
    at async cacheEntry.responseCache.get.routeKind (/home/uumparcelcentre.com.my/firdausfauzi/node_modules/next/dist/server/base-server.js:1599:28)
 ⨯ Error: MenuItem validation failed: category: Cast to ObjectId failed for value "" (type string) at path "category" because of "BSONError"
    at ValidationError.inspect (/home/uumparcelcentre.com.my/firdausfauzi/node_modules/mongoose/lib/error/validation.js:50:26)
    at formatValue (node:internal/util/inspect:805:19)
    at inspect (node:internal/util/inspect:364:10)
    at formatWithOptionsInternal (node:internal/util/inspect:2298:40)
    at formatWithOptions (node:internal/util/inspect:2160:10)
    at console.value (node:internal/console/constructor:351:14)
    at console.warn (node:internal/console/constructor:384:61)
    at prefixedLog (/home/uumparcelcentre.com.my/firdausfauzi/node_modules/next/dist/build/output/log.js:80:31)
    at Object.error (/home/uumparcelcentre.com.my/firdausfauzi/node_modules/next/dist/build/output/log.js:90:5)
    at doRender (/home/uumparcelcentre.com.my/firdausfauzi/node_modules/next/dist/server/base-server.js:1412:30) {
  errors: {
    category: CastError: Cast to ObjectId failed for value "" (type string) at path "category" because of "BSONError"
        at ObjectId.cast (/home/uumparcelcentre.com.my/firdausfauzi/node_modules/mongoose/lib/schema/objectid.js:250:11)
        at SchemaType.applySetters (/home/uumparcelcentre.com.my/firdausfauzi/node_modules/mongoose/lib/schematype.js:1219:12)
        at model.$set (/home/uumparcelcentre.com.my/firdausfauzi/node_modules/mongoose/lib/document.js:1422:22)
        at model.$set (/home/uumparcelcentre.com.my/firdausfauzi/node_modules/mongoose/lib/document.js:1119:16)
        at model.Document (/home/uumparcelcentre.com.my/firdausfauzi/node_modules/mongoose/lib/document.js:165:12)
        at model.Model (/home/uumparcelcentre.com.my/firdausfauzi/node_modules/mongoose/lib/model.js:123:12)
        at new model (/home/uumparcelcentre.com.my/firdausfauzi/node_modules/mongoose/lib/model.js:4758:15)
        at /home/uumparcelcentre.com.my/firdausfauzi/node_modules/mongoose/lib/model.js:2922:18
        at Array.map (<anonymous>)
        at Function.create (/home/uumparcelcentre.com.my/firdausfauzi/node_modules/mongoose/lib/model.js:2911:30) {
      stringValue: '""',
      messageFormat: undefined,
      kind: 'ObjectId',
      value: '',
      path: 'category',
      reason: BSONError: Argument passed in must be a string of 12 bytes or a string of 24 hex characters or an integer
          at new ObjectId (/home/uumparcelcentre.com.my/firdausfauzi/node_modules/bson/lib/bson.cjs:2055:23)
          at castObjectId (/home/uumparcelcentre.com.my/firdausfauzi/node_modules/mongoose/lib/cast/objectid.js:25:12)
          at ObjectId.cast (/home/uumparcelcentre.com.my/firdausfauzi/node_modules/mongoose/lib/schema/objectid.js:248:12)
          at SchemaType.applySetters (/home/uumparcelcentre.com.my/firdausfauzi/node_modules/mongoose/lib/schematype.js:1219:12)
          at model.$set (/home/uumparcelcentre.com.my/firdausfauzi/node_modules/mongoose/lib/document.js:1422:22)
          at model.$set (/home/uumparcelcentre.com.my/firdausfauzi/node_modules/mongoose/lib/document.js:1119:16)
          at model.Document (/home/uumparcelcentre.com.my/firdausfauzi/node_modules/mongoose/lib/document.js:165:12)
          at model.Model (/home/uumparcelcentre.com.my/firdausfauzi/node_modules/mongoose/lib/model.js:123:12)
          at new model (/home/uumparcelcentre.com.my/firdausfauzi/node_modules/mongoose/lib/model.js:4758:15)
          at /home/uumparcelcentre.com.my/firdausfauzi/node_modules/mongoose/lib/model.js:2922:18,
      valueType: 'string'
    }
  },
  _message: 'MenuItem validation failed'
}
(node:3790408) [DEP0040] DeprecationWarning: The `punycode` module is deprecated. Please use a userland alternative instead.
(Use `node --trace-deprecation ...` to show where the warning was created)
 ⨯ Error: Cannot find module '/home/uumparcelcentre.com.my/firdausfauzi/build/server/app/api/menu-items/route.js'
Require stack:
- /home/uumparcelcentre.com.my/firdausfauzi/node_modules/next/dist/server/require.js
- /home/uumparcelcentre.com.my/firdausfauzi/node_modules/next/dist/server/next-server.js
- /home/uumparcelcentre.com.my/firdausfauzi/node_modules/next/dist/server/next.js
- /home/uumparcelcentre.com.my/firdausfauzi/node_modules/next/dist/server/lib/start-server.js
- /home/uumparcelcentre.com.my/firdausfauzi/node_modules/next/dist/cli/next-start.js
    at Module._resolveFilename (node:internal/modules/cjs/loader:1142:15)
    at /home/uumparcelcentre.com.my/firdausfauzi/node_modules/next/dist/server/require-hook.js:55:36
    at Module._load (node:internal/modules/cjs/loader:983:27)
    at Module.require (node:internal/modules/cjs/loader:1230:19)
    at mod.require (/home/uumparcelcentre.com.my/firdausfauzi/node_modules/next/dist/server/require-hook.js:65:28)
    at require (node:internal/modules/helpers:179:18)
    at requirePage (/home/uumparcelcentre.com.my/firdausfauzi/node_modules/next/dist/server/require.js:109:84)
    at /home/uumparcelcentre.com.my/firdausfauzi/node_modules/next/dist/server/load-components.js:98:84
    at process.processTicksAndRejections (node:internal/process/task_queues:95:5)
    at async loadComponentsImpl (/home/uumparcelcentre.com.my/firdausfauzi/node_modules/next/dist/server/load-components.js:98:26) {
  code: 'MODULE_NOT_FOUND',
  requireStack: [
    '/home/uumparcelcentre.com.my/firdausfauzi/node_modules/next/dist/server/require.js',
    '/home/uumparcelcentre.com.my/firdausfauzi/node_modules/next/dist/server/next-server.js',
    '/home/uumparcelcentre.com.my/firdausfauzi/node_modules/next/dist/server/next.js',
    '/home/uumparcelcentre.com.my/firdausfauzi/node_modules/next/dist/server/lib/start-server.js',
    '/home/uumparcelcentre.com.my/firdausfauzi/node_modules/next/dist/cli/next-start.js'
  ]
}
 ⨯ Error: Cannot find module '/home/uumparcelcentre.com.my/firdausfauzi/build/server/pages/_error.js'
Require stack:
- /home/uumparcelcentre.com.my/firdausfauzi/node_modules/next/dist/server/require.js
- /home/uumparcelcentre.com.my/firdausfauzi/node_modules/next/dist/server/next-server.js
- /home/uumparcelcentre.com.my/firdausfauzi/node_modules/next/dist/server/next.js
- /home/uumparcelcentre.com.my/firdausfauzi/node_modules/next/dist/server/lib/start-server.js
- /home/uumparcelcentre.com.my/firdausfauzi/node_modules/next/dist/cli/next-start.js
    at Module._resolveFilename (node:internal/modules/cjs/loader:1142:15)
    at /home/uumparcelcentre.com.my/firdausfauzi/node_modules/next/dist/server/require-hook.js:55:36
    at Module._load (node:internal/modules/cjs/loader:983:27)
    at Module.require (node:internal/modules/cjs/loader:1230:19)
    at mod.require (/home/uumparcelcentre.com.my/firdausfauzi/node_modules/next/dist/server/require-hook.js:65:28)
    at require (node:internal/modules/helpers:179:18)
    at requirePage (/home/uumparcelcentre.com.my/firdausfauzi/node_modules/next/dist/server/require.js:109:84)
    at /home/uumparcelcentre.com.my/firdausfauzi/node_modules/next/dist/server/load-components.js:98:84
    at process.processTicksAndRejections (node:internal/process/task_queues:95:5)
    at async loadComponentsImpl (/home/uumparcelcentre.com.my/firdausfauzi/node_modules/next/dist/server/load-components.js:98:26) {
  code: 'MODULE_NOT_FOUND',
  requireStack: [
    '/home/uumparcelcentre.com.my/firdausfauzi/node_modules/next/dist/server/require.js',
    '/home/uumparcelcentre.com.my/firdausfauzi/node_modules/next/dist/server/next-server.js',
    '/home/uumparcelcentre.com.my/firdausfauzi/node_modules/next/dist/server/next.js',
    '/home/uumparcelcentre.com.my/firdausfauzi/node_modules/next/dist/server/lib/start-server.js',
    '/home/uumparcelcentre.com.my/firdausfauzi/node_modules/next/dist/cli/next-start.js'
  ]
}
 ⚠ For production Image Optimization with Next.js, the optional 'sharp' package is strongly recommended. Run 'npm i sharp', and Next.js will use it automatically for Image Optimization.
Read more: https://nextjs.org/docs/messages/sharp-missing-in-production
 ⨯ Error: Cannot find module '/home/uumparcelcentre.com.my/firdausfauzi/build/server/app/api/menu-items/route.js'
Require stack:
- /home/uumparcelcentre.com.my/firdausfauzi/node_modules/next/dist/server/require.js
- /home/uumparcelcentre.com.my/firdausfauzi/node_modules/next/dist/server/next-server.js
- /home/uumparcelcentre.com.my/firdausfauzi/node_modules/next/dist/server/next.js
- /home/uumparcelcentre.com.my/firdausfauzi/node_modules/next/dist/server/lib/start-server.js
- /home/uumparcelcentre.com.my/firdausfauzi/node_modules/next/dist/cli/next-start.js
    at Module._resolveFilename (node:internal/modules/cjs/loader:1142:15)
    at /home/uumparcelcentre.com.my/firdausfauzi/node_modules/next/dist/server/require-hook.js:55:36
    at Module._load (node:internal/modules/cjs/loader:983:27)
    at Module.require (node:internal/modules/cjs/loader:1230:19)
    at mod.require (/home/uumparcelcentre.com.my/firdausfauzi/node_modules/next/dist/server/require-hook.js:65:28)
    at require (node:internal/modules/helpers:179:18)
    at requirePage (/home/uumparcelcentre.com.my/firdausfauzi/node_modules/next/dist/server/require.js:109:84)
    at /home/uumparcelcentre.com.my/firdausfauzi/node_modules/next/dist/server/load-components.js:98:84
    at process.processTicksAndRejections (node:internal/process/task_queues:95:5)
    at async loadComponentsImpl (/home/uumparcelcentre.com.my/firdausfauzi/node_modules/next/dist/server/load-components.js:98:26) {
  code: 'MODULE_NOT_FOUND',
  requireStack: [
    '/home/uumparcelcentre.com.my/firdausfauzi/node_modules/next/dist/server/require.js',
    '/home/uumparcelcentre.com.my/firdausfauzi/node_modules/next/dist/server/next-server.js',
    '/home/uumparcelcentre.com.my/firdausfauzi/node_modules/next/dist/server/next.js',
    '/home/uumparcelcentre.com.my/firdausfauzi/node_modules/next/dist/server/lib/start-server.js',
    '/home/uumparcelcentre.com.my/firdausfauzi/node_modules/next/dist/cli/next-start.js'
  ]
}
 ⨯ Error: Cannot find module '/home/uumparcelcentre.com.my/firdausfauzi/build/server/pages/_error.js'
Require stack:
- /home/uumparcelcentre.com.my/firdausfauzi/node_modules/next/dist/server/require.js
- /home/uumparcelcentre.com.my/firdausfauzi/node_modules/next/dist/server/next-server.js
- /home/uumparcelcentre.com.my/firdausfauzi/node_modules/next/dist/server/next.js
- /home/uumparcelcentre.com.my/firdausfauzi/node_modules/next/dist/server/lib/start-server.js
- /home/uumparcelcentre.com.my/firdausfauzi/node_modules/next/dist/cli/next-start.js
    at Module._resolveFilename (node:internal/modules/cjs/loader:1142:15)
    at /home/uumparcelcentre.com.my/firdausfauzi/node_modules/next/dist/server/require-hook.js:55:36
    at Module._load (node:internal/modules/cjs/loader:983:27)
    at Module.require (node:internal/modules/cjs/loader:1230:19)
    at mod.require (/home/uumparcelcentre.com.my/firdausfauzi/node_modules/next/dist/server/require-hook.js:65:28)
    at require (node:internal/modules/helpers:179:18)
    at requirePage (/home/uumparcelcentre.com.my/firdausfauzi/node_modules/next/dist/server/require.js:109:84)
    at /home/uumparcelcentre.com.my/firdausfauzi/node_modules/next/dist/server/load-components.js:98:84
    at process.processTicksAndRejections (node:internal/process/task_queues:95:5)
    at async loadComponentsImpl (/home/uumparcelcentre.com.my/firdausfauzi/node_modules/next/dist/server/load-components.js:98:26) {
  code: 'MODULE_NOT_FOUND',
  requireStack: [
    '/home/uumparcelcentre.com.my/firdausfauzi/node_modules/next/dist/server/require.js',
    '/home/uumparcelcentre.com.my/firdausfauzi/node_modules/next/dist/server/next-server.js',
    '/home/uumparcelcentre.com.my/firdausfauzi/node_modules/next/dist/server/next.js',
    '/home/uumparcelcentre.com.my/firdausfauzi/node_modules/next/dist/server/lib/start-server.js',
    '/home/uumparcelcentre.com.my/firdausfauzi/node_modules/next/dist/cli/next-start.js'
  ]
}
 ⨯ Error: Cannot find module '/home/uumparcelcentre.com.my/firdausfauzi/build/server/app/api/menu-items/route.js'
Require stack:
- /home/uumparcelcentre.com.my/firdausfauzi/node_modules/next/dist/server/require.js
- /home/uumparcelcentre.com.my/firdausfauzi/node_modules/next/dist/server/next-server.js
- /home/uumparcelcentre.com.my/firdausfauzi/node_modules/next/dist/server/next.js
- /home/uumparcelcentre.com.my/firdausfauzi/node_modules/next/dist/server/lib/start-server.js
- /home/uumparcelcentre.com.my/firdausfauzi/node_modules/next/dist/cli/next-start.js
    at Module._resolveFilename (node:internal/modules/cjs/loader:1142:15)
    at /home/uumparcelcentre.com.my/firdausfauzi/node_modules/next/dist/server/require-hook.js:55:36
    at Module._load (node:internal/modules/cjs/loader:983:27)
    at Module.require (node:internal/modules/cjs/loader:1230:19)
    at mod.require (/home/uumparcelcentre.com.my/firdausfauzi/node_modules/next/dist/server/require-hook.js:65:28)
    at require (node:internal/modules/helpers:179:18)
    at requirePage (/home/uumparcelcentre.com.my/firdausfauzi/node_modules/next/dist/server/require.js:109:84)
    at /home/uumparcelcentre.com.my/firdausfauzi/node_modules/next/dist/server/load-components.js:98:84
    at process.processTicksAndRejections (node:internal/process/task_queues:95:5)
    at async loadComponentsImpl (/home/uumparcelcentre.com.my/firdausfauzi/node_modules/next/dist/server/load-components.js:98:26) {
  code: 'MODULE_NOT_FOUND',
  requireStack: [
    '/home/uumparcelcentre.com.my/firdausfauzi/node_modules/next/dist/server/require.js',
    '/home/uumparcelcentre.com.my/firdausfauzi/node_modules/next/dist/server/next-server.js',
    '/home/uumparcelcentre.com.my/firdausfauzi/node_modules/next/dist/server/next.js',
    '/home/uumparcelcentre.com.my/firdausfauzi/node_modules/next/dist/server/lib/start-server.js',
    '/home/uumparcelcentre.com.my/firdausfauzi/node_modules/next/dist/cli/next-start.js'
  ]
}
 ⨯ Error: Cannot find module '/home/uumparcelcentre.com.my/firdausfauzi/build/server/pages/_error.js'
Require stack:
- /home/uumparcelcentre.com.my/firdausfauzi/node_modules/next/dist/server/require.js
- /home/uumparcelcentre.com.my/firdausfauzi/node_modules/next/dist/server/next-server.js
- /home/uumparcelcentre.com.my/firdausfauzi/node_modules/next/dist/server/next.js
- /home/uumparcelcentre.com.my/firdausfauzi/node_modules/next/dist/server/lib/start-server.js
- /home/uumparcelcentre.com.my/firdausfauzi/node_modules/next/dist/cli/next-start.js
    at Module._resolveFilename (node:internal/modules/cjs/loader:1142:15)
    at /home/uumparcelcentre.com.my/firdausfauzi/node_modules/next/dist/server/require-hook.js:55:36
    at Module._load (node:internal/modules/cjs/loader:983:27)
    at Module.require (node:internal/modules/cjs/loader:1230:19)
    at mod.require (/home/uumparcelcentre.com.my/firdausfauzi/node_modules/next/dist/server/require-hook.js:65:28)
    at require (node:internal/modules/helpers:179:18)
    at requirePage (/home/uumparcelcentre.com.my/firdausfauzi/node_modules/next/dist/server/require.js:109:84)
    at /home/uumparcelcentre.com.my/firdausfauzi/node_modules/next/dist/server/load-components.js:98:84
    at process.processTicksAndRejections (node:internal/process/task_queues:95:5)
    at async loadComponentsImpl (/home/uumparcelcentre.com.my/firdausfauzi/node_modules/next/dist/server/load-components.js:98:26) {
  code: 'MODULE_NOT_FOUND',
  requireStack: [
    '/home/uumparcelcentre.com.my/firdausfauzi/node_modules/next/dist/server/require.js',
    '/home/uumparcelcentre.com.my/firdausfauzi/node_modules/next/dist/server/next-server.js',
    '/home/uumparcelcentre.com.my/firdausfauzi/node_modules/next/dist/server/next.js',
    '/home/uumparcelcentre.com.my/firdausfauzi/node_modules/next/dist/server/lib/start-server.js',
    '/home/uumparcelcentre.com.my/firdausfauzi/node_modules/next/dist/cli/next-start.js'
  ]
}
 ⨯ Error: Cannot find module '/home/uumparcelcentre.com.my/firdausfauzi/build/server/pages/_error.js'
Require stack:
- /home/uumparcelcentre.com.my/firdausfauzi/node_modules/next/dist/server/require.js
- /home/uumparcelcentre.com.my/firdausfauzi/node_modules/next/dist/server/next-server.js
- /home/uumparcelcentre.com.my/firdausfauzi/node_modules/next/dist/server/next.js
- /home/uumparcelcentre.com.my/firdausfauzi/node_modules/next/dist/server/lib/start-server.js
- /home/uumparcelcentre.com.my/firdausfauzi/node_modules/next/dist/cli/next-start.js
    at Module._resolveFilename (node:internal/modules/cjs/loader:1142:15)
    at /home/uumparcelcentre.com.my/firdausfauzi/node_modules/next/dist/server/require-hook.js:55:36
    at Module._load (node:internal/modules/cjs/loader:983:27)
    at Module.require (node:internal/modules/cjs/loader:1230:19)
    at mod.require (/home/uumparcelcentre.com.my/firdausfauzi/node_modules/next/dist/server/require-hook.js:65:28)
    at require (node:internal/modules/helpers:179:18)
    at requirePage (/home/uumparcelcentre.com.my/firdausfauzi/node_modules/next/dist/server/require.js:109:84)
    at /home/uumparcelcentre.com.my/firdausfauzi/node_modules/next/dist/server/load-components.js:98:84
    at process.processTicksAndRejections (node:internal/process/task_queues:95:5)
    at async loadComponentsImpl (/home/uumparcelcentre.com.my/firdausfauzi/node_modules/next/dist/server/load-components.js:98:26) {
  code: 'MODULE_NOT_FOUND',
  requireStack: [
    '/home/uumparcelcentre.com.my/firdausfauzi/node_modules/next/dist/server/require.js',
    '/home/uumparcelcentre.com.my/firdausfauzi/node_modules/next/dist/server/next-server.js',
    '/home/uumparcelcentre.com.my/firdausfauzi/node_modules/next/dist/server/next.js',
    '/home/uumparcelcentre.com.my/firdausfauzi/node_modules/next/dist/server/lib/start-server.js',
    '/home/uumparcelcentre.com.my/firdausfauzi/node_modules/next/dist/cli/next-start.js'
  ]
}
Error: Could not find a production build in the 'build' directory. Try building your app with 'next build' before starting the production server. https://nextjs.org/docs/messages/production-start-no-build-id
    at setupFsCheck (/home/uumparcelcentre.com.my/firdausfauzi/node_modules/next/dist/server/lib/router-utils/filesystem.js:151:19)
    at async initialize (/home/uumparcelcentre.com.my/firdausfauzi/node_modules/next/dist/server/lib/router-server.js:61:23)
    at async Server.<anonymous> (/home/uumparcelcentre.com.my/firdausfauzi/node_modules/next/dist/server/lib/start-server.js:249:36)
Error: Could not find a production build in the 'build' directory. Try building your app with 'next build' before starting the production server. https://nextjs.org/docs/messages/production-start-no-build-id
    at setupFsCheck (/home/uumparcelcentre.com.my/firdausfauzi/node_modules/next/dist/server/lib/router-utils/filesystem.js:151:19)
    at async initialize (/home/uumparcelcentre.com.my/firdausfauzi/node_modules/next/dist/server/lib/router-server.js:61:23)
    at async Server.<anonymous> (/home/uumparcelcentre.com.my/firdausfauzi/node_modules/next/dist/server/lib/start-server.js:249:36)
Error: Could not find a production build in the 'build' directory. Try building your app with 'next build' before starting the production server. https://nextjs.org/docs/messages/production-start-no-build-id
    at setupFsCheck (/home/uumparcelcentre.com.my/firdausfauzi/node_modules/next/dist/server/lib/router-utils/filesystem.js:151:19)
    at async initialize (/home/uumparcelcentre.com.my/firdausfauzi/node_modules/next/dist/server/lib/router-server.js:61:23)
    at async Server.<anonymous> (/home/uumparcelcentre.com.my/firdausfauzi/node_modules/next/dist/server/lib/start-server.js:249:36)
Error: Could not find a production build in the 'build' directory. Try building your app with 'next build' before starting the production server. https://nextjs.org/docs/messages/production-start-no-build-id
    at setupFsCheck (/home/uumparcelcentre.com.my/firdausfauzi/node_modules/next/dist/server/lib/router-utils/filesystem.js:151:19)
    at async initialize (/home/uumparcelcentre.com.my/firdausfauzi/node_modules/next/dist/server/lib/router-server.js:61:23)
    at async Server.<anonymous> (/home/uumparcelcentre.com.my/firdausfauzi/node_modules/next/dist/server/lib/start-server.js:249:36)
(node:3817141) [DEP0040] DeprecationWarning: The `punycode` module is deprecated. Please use a userland alternative instead.
(Use `node --trace-deprecation ...` to show where the warning was created)
 ⚠ For production Image Optimization with Next.js, the optional 'sharp' package is strongly recommended. Run 'npm i sharp', and Next.js will use it automatically for Image Optimization.
Read more: https://nextjs.org/docs/messages/sharp-missing-in-production
 ⨯ Error: User validation failed: email: Path `email` is required.
    at ValidationError.inspect (/home/uumparcelcentre.com.my/firdausfauzi/node_modules/mongoose/lib/error/validation.js:50:26)
    at formatValue (node:internal/util/inspect:805:19)
    at inspect (node:internal/util/inspect:364:10)
    at formatWithOptionsInternal (node:internal/util/inspect:2298:40)
    at formatWithOptions (node:internal/util/inspect:2160:10)
    at console.value (node:internal/console/constructor:351:14)
    at console.warn (node:internal/console/constructor:384:61)
    at prefixedLog (/home/uumparcelcentre.com.my/firdausfauzi/node_modules/next/dist/build/output/log.js:80:31)
    at Object.error (/home/uumparcelcentre.com.my/firdausfauzi/node_modules/next/dist/build/output/log.js:90:5)
    at doRender (/home/uumparcelcentre.com.my/firdausfauzi/node_modules/next/dist/server/base-server.js:1412:30) {
  errors: {
    email: ValidatorError: Path `email` is required.
        at validate (/home/uumparcelcentre.com.my/firdausfauzi/node_modules/mongoose/lib/schematype.js:1365:13)
        at SchemaType.doValidate (/home/uumparcelcentre.com.my/firdausfauzi/node_modules/mongoose/lib/schematype.js:1349:7)
        at /home/uumparcelcentre.com.my/firdausfauzi/node_modules/mongoose/lib/document.js:3004:18
        at process.processTicksAndRejections (node:internal/process/task_queues:77:11) {
      properties: [Object],
      kind: 'required',
      path: 'email',
      value: '',
      reason: undefined,
      [Symbol(mongoose:validatorError)]: true
    }
  },
  _message: 'User validation failed'
}
 ⨯ s [Error]: You did not provide an API key. You need to provide your API key in the Authorization header, using Bearer auth (e.g. 'Authorization: Bearer YOUR_SECRET_KEY'). See https://stripe.com/docs/api#authentication for details, or we can help at https://support.stripe.com/.
    at n.toJSON.then.o.StripeAPIError.message (/home/uumparcelcentre.com.my/firdausfauzi/build/server/chunks/687.js:1:40769)
    at process.processTicksAndRejections (node:internal/process/task_queues:95:5) {
  type: 'StripeAuthenticationError',
  raw: {
    message: "You did not provide an API key. You need to provide your API key in the Authorization header, using Bearer auth (e.g. 'Authorization: Bearer YOUR_SECRET_KEY'). See https://stripe.com/docs/api#authentication for details, or we can help at https://support.stripe.com/.",
    type: 'invalid_request_error',
    headers: {
      server: 'nginx',
      date: 'Tue, 06 Aug 2024 07:11:02 GMT',
      'content-type': 'application/json',
      'content-length': '342',
      connection: 'keep-alive',
      'access-control-allow-credentials': 'true',
      'access-control-allow-methods': 'GET,HEAD,PUT,PATCH,POST,DELETE',
      'access-control-allow-origin': '*',
      'access-control-expose-headers': 'Request-Id, Stripe-Manage-Version, Stripe-Should-Retry, X-Stripe-External-Auth-Required, X-Stripe-Privileged-Session-Required',
      'access-control-max-age': '300',
      'cache-control': 'no-cache, no-store',
      vary: 'Origin',
      'www-authenticate': 'Basic realm="Stripe"',
      'strict-transport-security': 'max-age=63072000; includeSubDomains; preload'
    },
    statusCode: 401,
    requestId: undefined
  },
  rawType: 'invalid_request_error',
  code: undefined,
  doc_url: undefined,
  param: undefined,
  detail: undefined,
  headers: {
    server: 'nginx',
    date: 'Tue, 06 Aug 2024 07:11:02 GMT',
    'content-type': 'application/json',
    'content-length': '342',
    connection: 'keep-alive',
    'access-control-allow-credentials': 'true',
    'access-control-allow-methods': 'GET,HEAD,PUT,PATCH,POST,DELETE',
    'access-control-allow-origin': '*',
    'access-control-expose-headers': 'Request-Id, Stripe-Manage-Version, Stripe-Should-Retry, X-Stripe-External-Auth-Required, X-Stripe-Privileged-Session-Required',
    'access-control-max-age': '300',
    'cache-control': 'no-cache, no-store',
    vary: 'Origin',
    'www-authenticate': 'Basic realm="Stripe"',
    'strict-transport-security': 'max-age=63072000; includeSubDomains; preload'
  },
  requestId: undefined,
  statusCode: 401,
  charge: undefined,
  decline_code: undefined,
  payment_intent: undefined,
  payment_method: undefined,
  payment_method_type: undefined,
  setup_intent: undefined,
  source: undefined
}
 ⨯ s [Error]: You did not provide an API key. You need to provide your API key in the Authorization header, using Bearer auth (e.g. 'Authorization: Bearer YOUR_SECRET_KEY'). See https://stripe.com/docs/api#authentication for details, or we can help at https://support.stripe.com/.
    at n.toJSON.then.o.StripeAPIError.message (/home/uumparcelcentre.com.my/firdausfauzi/build/server/chunks/687.js:1:40769)
    at process.processTicksAndRejections (node:internal/process/task_queues:95:5) {
  type: 'StripeAuthenticationError',
  raw: {
    message: "You did not provide an API key. You need to provide your API key in the Authorization header, using Bearer auth (e.g. 'Authorization: Bearer YOUR_SECRET_KEY'). See https://stripe.com/docs/api#authentication for details, or we can help at https://support.stripe.com/.",
    type: 'invalid_request_error',
    headers: {
      server: 'nginx',
      date: 'Tue, 06 Aug 2024 07:11:04 GMT',
      'content-type': 'application/json',
      'content-length': '342',
      connection: 'keep-alive',
      'access-control-allow-credentials': 'true',
      'access-control-allow-methods': 'GET,HEAD,PUT,PATCH,POST,DELETE',
      'access-control-allow-origin': '*',
      'access-control-expose-headers': 'Request-Id, Stripe-Manage-Version, Stripe-Should-Retry, X-Stripe-External-Auth-Required, X-Stripe-Privileged-Session-Required',
      'access-control-max-age': '300',
      'cache-control': 'no-cache, no-store',
      vary: 'Origin',
      'www-authenticate': 'Basic realm="Stripe"',
      'strict-transport-security': 'max-age=63072000; includeSubDomains; preload'
    },
    statusCode: 401,
    requestId: undefined
  },
  rawType: 'invalid_request_error',
  code: undefined,
  doc_url: undefined,
  param: undefined,
  detail: undefined,
  headers: {
    server: 'nginx',
    date: 'Tue, 06 Aug 2024 07:11:04 GMT',
    'content-type': 'application/json',
    'content-length': '342',
    connection: 'keep-alive',
    'access-control-allow-credentials': 'true',
    'access-control-allow-methods': 'GET,HEAD,PUT,PATCH,POST,DELETE',
    'access-control-allow-origin': '*',
    'access-control-expose-headers': 'Request-Id, Stripe-Manage-Version, Stripe-Should-Retry, X-Stripe-External-Auth-Required, X-Stripe-Privileged-Session-Required',
    'access-control-max-age': '300',
    'cache-control': 'no-cache, no-store',
    vary: 'Origin',
    'www-authenticate': 'Basic realm="Stripe"',
    'strict-transport-security': 'max-age=63072000; includeSubDomains; preload'
  },
  requestId: undefined,
  statusCode: 401,
  charge: undefined,
  decline_code: undefined,
  payment_intent: undefined,
  payment_method: undefined,
  payment_method_type: undefined,
  setup_intent: undefined,
  source: undefined
}
 ⨯ Error: Resolved credential object is not valid
    at _SignatureV4S3Express.validateResolvedCredentials (/home/uumparcelcentre.com.my/firdausfauzi/node_modules/@smithy/signature-v4/dist-cjs/index.js:550:13)
    at _SignatureV4S3Express.signRequest (/home/uumparcelcentre.com.my/firdausfauzi/node_modules/@smithy/signature-v4/dist-cjs/index.js:475:10) {
  '$metadata': { attempts: 1, totalRetryDelay: 0 }
}
 ⨯ s [Error]: You did not provide an API key. You need to provide your API key in the Authorization header, using Bearer auth (e.g. 'Authorization: Bearer YOUR_SECRET_KEY'). See https://stripe.com/docs/api#authentication for details, or we can help at https://support.stripe.com/.
    at n.toJSON.then.o.StripeAPIError.message (/home/uumparcelcentre.com.my/firdausfauzi/build/server/chunks/687.js:1:40769)
    at process.processTicksAndRejections (node:internal/process/task_queues:95:5) {
  type: 'StripeAuthenticationError',
  raw: {
    message: "You did not provide an API key. You need to provide your API key in the Authorization header, using Bearer auth (e.g. 'Authorization: Bearer YOUR_SECRET_KEY'). See https://stripe.com/docs/api#authentication for details, or we can help at https://support.stripe.com/.",
    type: 'invalid_request_error',
    headers: {
      server: 'nginx',
      date: 'Tue, 06 Aug 2024 07:53:45 GMT',
      'content-type': 'application/json',
      'content-length': '342',
      connection: 'keep-alive',
      'access-control-allow-credentials': 'true',
      'access-control-allow-methods': 'GET,HEAD,PUT,PATCH,POST,DELETE',
      'access-control-allow-origin': '*',
      'access-control-expose-headers': 'Request-Id, Stripe-Manage-Version, Stripe-Should-Retry, X-Stripe-External-Auth-Required, X-Stripe-Privileged-Session-Required',
      'access-control-max-age': '300',
      'cache-control': 'no-cache, no-store',
      vary: 'Origin',
      'www-authenticate': 'Basic realm="Stripe"',
      'strict-transport-security': 'max-age=63072000; includeSubDomains; preload'
    },
    statusCode: 401,
    requestId: undefined
  },
  rawType: 'invalid_request_error',
  code: undefined,
  doc_url: undefined,
  param: undefined,
  detail: undefined,
  headers: {
    server: 'nginx',
    date: 'Tue, 06 Aug 2024 07:53:45 GMT',
    'content-type': 'application/json',
    'content-length': '342',
    connection: 'keep-alive',
    'access-control-allow-credentials': 'true',
    'access-control-allow-methods': 'GET,HEAD,PUT,PATCH,POST,DELETE',
    'access-control-allow-origin': '*',
    'access-control-expose-headers': 'Request-Id, Stripe-Manage-Version, Stripe-Should-Retry, X-Stripe-External-Auth-Required, X-Stripe-Privileged-Session-Required',
    'access-control-max-age': '300',
    'cache-control': 'no-cache, no-store',
    vary: 'Origin',
    'www-authenticate': 'Basic realm="Stripe"',
    'strict-transport-security': 'max-age=63072000; includeSubDomains; preload'
  },
  requestId: undefined,
  statusCode: 401,
  charge: undefined,
  decline_code: undefined,
  payment_intent: undefined,
  payment_method: undefined,
  payment_method_type: undefined,
  setup_intent: undefined,
  source: undefined
}
